2024-05-18T18:33:36.221-03:00  INFO 16652 --- [main] p.ProjetointegradorcciarApplication      : Starting ProjetointegradorcciarApplication using Java 17.0.8 with PID 16652 (C:\Users\55459\OneDrive\햞ea de Trabalho\Integrador-Front-UA-BACK-END (1)\Integrador-Front-UA-BACK-END\projetointegradorcciar\target\classes started by CHEROSO in C:\Users\55459\OneDrive\햞ea de Trabalho\Integrador-Front-UA-BACK-END (1)\Integrador-Front-UA-BACK-END)
2024-05-18T18:33:36.227-03:00  INFO 16652 --- [main] p.ProjetointegradorcciarApplication      : No active profile set, falling back to 1 default profile: "default"
2024-05-18T18:33:38.543-03:00  INFO 16652 --- [main] .s.d.r.c.RepositoryConfigurationDelegate : Bootstrapping Spring Data JPA repositories in DEFAULT mode.
2024-05-18T18:33:38.851-03:00  INFO 16652 --- [main] .s.d.r.c.RepositoryConfigurationDelegate : Finished Spring Data repository scanning in 201 ms. Found 4 JPA repository interfaces.
2024-05-18T18:33:41.039-03:00  INFO 16652 --- [main] o.s.b.w.embedded.tomcat.TomcatWebServer  : Tomcat initialized with port(s): 8080 (http)
2024-05-18T18:33:41.101-03:00  INFO 16652 --- [main] o.apache.catalina.core.StandardService   : Starting service [Tomcat]
2024-05-18T18:33:41.103-03:00  INFO 16652 --- [main] o.apache.catalina.core.StandardEngine    : Starting Servlet engine: [Apache Tomcat/10.1.15]
2024-05-18T18:33:41.890-03:00  INFO 16652 --- [main] o.a.c.c.C.[Tomcat].[localhost].[/]       : Initializing Spring embedded WebApplicationContext
2024-05-18T18:33:41.894-03:00  INFO 16652 --- [main] w.s.c.ServletWebServerApplicationContext : Root WebApplicationContext: initialization completed in 5555 ms
2024-05-18T18:33:42.675-03:00  INFO 16652 --- [main] o.f.c.internal.license.VersionPrinter    : Flyway Community Edition 9.16.3 by Redgate
2024-05-18T18:33:42.677-03:00  INFO 16652 --- [main] o.f.c.internal.license.VersionPrinter    : See release notes here: https://rd.gt/416ObMi
2024-05-18T18:33:42.679-03:00  INFO 16652 --- [main] o.f.c.internal.license.VersionPrinter    : 
2024-05-18T18:33:42.742-03:00  INFO 16652 --- [main] com.zaxxer.hikari.HikariDataSource       : HikariPool-1 - Starting...
2024-05-18T18:33:44.013-03:00  INFO 16652 --- [main] com.zaxxer.hikari.pool.HikariPool        : HikariPool-1 - Added connection org.postgresql.jdbc.PgConnection@1ca610a0
2024-05-18T18:33:44.017-03:00  INFO 16652 --- [main] com.zaxxer.hikari.HikariDataSource       : HikariPool-1 - Start completed.
2024-05-18T18:33:44.060-03:00  INFO 16652 --- [main] o.f.c.i.database.base.BaseDatabaseType   : Database: jdbc:postgresql://localhost:5432/projetointegrador (PostgreSQL 15.2)
2024-05-18T18:33:44.172-03:00  INFO 16652 --- [main] o.f.core.internal.command.DbValidate     : Successfully validated 0 migrations (execution time 00:00.043s)
2024-05-18T18:33:44.173-03:00  WARN 16652 --- [main] o.f.core.internal.command.DbValidate     : No migrations found. Are your locations set up correctly?
2024-05-18T18:33:44.216-03:00  INFO 16652 --- [main] o.f.core.internal.command.DbMigrate      : Current version of schema "public": << Empty Schema >>
2024-05-18T18:33:44.219-03:00  INFO 16652 --- [main] o.f.core.internal.command.DbMigrate      : Schema "public" is up to date. No migration necessary.
2024-05-18T18:33:44.509-03:00  INFO 16652 --- [main] o.hibernate.jpa.internal.util.LogHelper  : HHH000204: Processing PersistenceUnitInfo [name: default]
2024-05-18T18:33:44.684-03:00  INFO 16652 --- [main] org.hibernate.Version                    : HHH000412: Hibernate ORM core version 6.2.13.Final
2024-05-18T18:33:44.694-03:00  INFO 16652 --- [main] org.hibernate.cfg.Environment            : HHH000406: Using bytecode reflection optimizer
2024-05-18T18:33:45.549-03:00  INFO 16652 --- [main] o.s.o.j.p.SpringPersistenceUnitInfo      : No LoadTimeWeaver setup: ignoring JPA class transformer
2024-05-18T18:33:45.697-03:00  WARN 16652 --- [main] org.hibernate.orm.deprecation            : HHH90000025: PostgreSQLDialect does not need to be specified explicitly using 'hibernate.dialect' (remove the property setting and it will be selected by default)
2024-05-18T18:33:48.502-03:00  INFO 16652 --- [main] o.h.e.t.j.p.i.JtaPlatformInitiator       : HHH000489: No JTA platform available (set 'hibernate.transaction.jta.platform' to enable JTA platform integration)
2024-05-18T18:33:48.595-03:00  WARN 16652 --- [main] o.h.engine.jdbc.spi.SqlExceptionHelper   : SQL Warning Code: 0, SQLState: 00000
2024-05-18T18:33:48.596-03:00  WARN 16652 --- [main] o.h.engine.jdbc.spi.SqlExceptionHelper   : drop cascades to constraint fkt5004cad7hfa6sq4gpndrxe5p on table atividade_pessoa
2024-05-18T18:33:48.609-03:00  WARN 16652 --- [main] o.h.engine.jdbc.spi.SqlExceptionHelper   : SQL Warning Code: 0, SQLState: 00000
2024-05-18T18:33:48.610-03:00  WARN 16652 --- [main] o.h.engine.jdbc.spi.SqlExceptionHelper   : drop cascades to constraint fk59d1sb8n5jdpcdpyomwqa7eje on table atividade_pessoa
2024-05-18T18:33:48.617-03:00  WARN 16652 --- [main] o.h.engine.jdbc.spi.SqlExceptionHelper   : SQL Warning Code: 0, SQLState: 00000
2024-05-18T18:33:48.619-03:00  WARN 16652 --- [main] o.h.engine.jdbc.spi.SqlExceptionHelper   : constraint "fk59d1sb8n5jdpcdpyomwqa7eje" of relation "atividade_pessoa" does not exist, skipping
2024-05-18T18:33:48.621-03:00  WARN 16652 --- [main] o.h.engine.jdbc.spi.SqlExceptionHelper   : SQL Warning Code: 0, SQLState: 00000
2024-05-18T18:33:48.622-03:00  WARN 16652 --- [main] o.h.engine.jdbc.spi.SqlExceptionHelper   : constraint "fkt5004cad7hfa6sq4gpndrxe5p" of relation "atividade_pessoa" does not exist, skipping
2024-05-18T18:33:48.826-03:00  INFO 16652 --- [main] j.LocalContainerEntityManagerFactoryBean : Initialized JPA EntityManagerFactory for persistence unit 'default'
2024-05-18T18:33:49.874-03:00  INFO 16652 --- [main] o.s.d.j.r.query.QueryEnhancerFactory     : Hibernate is in classpath; If applicable, HQL parser will be used.
2024-05-18T18:33:50.290-03:00  WARN 16652 --- [main] JpaBaseConfiguration$JpaWebConfiguration : spring.jpa.open-in-view is enabled by default. Therefore, database queries may be performed during view rendering. Explicitly configure spring.jpa.open-in-view to disable this warning
2024-05-18T18:33:52.375-03:00  INFO 16652 --- [main] o.s.s.web.DefaultSecurityFilterChain     : Will secure any request with [org.springframework.security.web.session.DisableEncodeUrlFilter@75d61b62, org.springframework.security.web.context.request.async.WebAsyncManagerIntegrationFilter@74159dc9, org.springframework.security.web.context.SecurityContextHolderFilter@44a7661d, org.springframework.security.web.header.HeaderWriterFilter@1ebb36df, org.springframework.security.web.authentication.logout.LogoutFilter@3445ddf2, projetointegradorcciar.config.JwtAuthenticationFilter@3c468360, org.springframework.security.web.savedrequest.RequestCacheAwareFilter@cf0bc92, org.springframework.security.web.servletapi.SecurityContextHolderAwareRequestFilter@c2191a8, org.springframework.security.web.authentication.AnonymousAuthenticationFilter@53086bdc, org.springframework.security.web.session.SessionManagementFilter@433362e0, org.springframework.security.web.access.ExceptionTranslationFilter@13f10967, org.springframework.security.web.access.intercept.AuthorizationFilter@255482cb]
2024-05-18T18:33:53.000-03:00  INFO 16652 --- [main] o.s.b.w.embedded.tomcat.TomcatWebServer  : Tomcat started on port(s): 8080 (http) with context path ''
2024-05-18T18:33:53.046-03:00  INFO 16652 --- [main] p.ProjetointegradorcciarApplication      : Started ProjetointegradorcciarApplication in 17.625 seconds (process running for 18.444)
2024-05-18T20:34:16.653-03:00  INFO 23748 --- [main] p.ProjetointegradorcciarApplication      : Starting ProjetointegradorcciarApplication using Java 17.0.8 with PID 23748 (C:\Users\55459\OneDrive\햞ea de Trabalho\Integrador-Front-UA-BACK-END (1)\Integrador-Front-UA-BACK-END\projetointegradorcciar\target\classes started by CHEROSO in C:\Users\55459\OneDrive\햞ea de Trabalho\Integrador-Front-UA-BACK-END (1)\Integrador-Front-UA-BACK-END)
2024-05-18T20:34:16.657-03:00  INFO 23748 --- [main] p.ProjetointegradorcciarApplication      : No active profile set, falling back to 1 default profile: "default"
2024-05-18T20:34:18.099-03:00  INFO 23748 --- [main] .s.d.r.c.RepositoryConfigurationDelegate : Bootstrapping Spring Data JPA repositories in DEFAULT mode.
2024-05-18T20:34:18.240-03:00  INFO 23748 --- [main] .s.d.r.c.RepositoryConfigurationDelegate : Finished Spring Data repository scanning in 120 ms. Found 4 JPA repository interfaces.
2024-05-18T20:34:19.501-03:00  INFO 23748 --- [main] o.s.b.w.embedded.tomcat.TomcatWebServer  : Tomcat initialized with port(s): 8080 (http)
2024-05-18T20:34:19.534-03:00  INFO 23748 --- [main] o.apache.catalina.core.StandardService   : Starting service [Tomcat]
2024-05-18T20:34:19.535-03:00  INFO 23748 --- [main] o.apache.catalina.core.StandardEngine    : Starting Servlet engine: [Apache Tomcat/10.1.15]
2024-05-18T20:34:19.840-03:00  INFO 23748 --- [main] o.a.c.c.C.[Tomcat].[localhost].[/]       : Initializing Spring embedded WebApplicationContext
2024-05-18T20:34:19.841-03:00  INFO 23748 --- [main] w.s.c.ServletWebServerApplicationContext : Root WebApplicationContext: initialization completed in 3102 ms
2024-05-18T20:34:20.256-03:00  INFO 23748 --- [main] o.f.c.internal.license.VersionPrinter    : Flyway Community Edition 9.16.3 by Redgate
2024-05-18T20:34:20.260-03:00  INFO 23748 --- [main] o.f.c.internal.license.VersionPrinter    : See release notes here: https://rd.gt/416ObMi
2024-05-18T20:34:20.262-03:00  INFO 23748 --- [main] o.f.c.internal.license.VersionPrinter    : 
2024-05-18T20:34:20.294-03:00  INFO 23748 --- [main] com.zaxxer.hikari.HikariDataSource       : HikariPool-1 - Starting...
2024-05-18T20:34:20.916-03:00  INFO 23748 --- [main] com.zaxxer.hikari.pool.HikariPool        : HikariPool-1 - Added connection org.postgresql.jdbc.PgConnection@3a1f2a1
2024-05-18T20:34:20.922-03:00  INFO 23748 --- [main] com.zaxxer.hikari.HikariDataSource       : HikariPool-1 - Start completed.
2024-05-18T20:34:20.973-03:00  INFO 23748 --- [main] o.f.c.i.database.base.BaseDatabaseType   : Database: jdbc:postgresql://localhost:5432/projetointegrador (PostgreSQL 15.2)
2024-05-18T20:34:21.102-03:00  INFO 23748 --- [main] o.f.core.internal.command.DbValidate     : Successfully validated 0 migrations (execution time 00:00.061s)
2024-05-18T20:34:21.118-03:00  WARN 23748 --- [main] o.f.core.internal.command.DbValidate     : No migrations found. Are your locations set up correctly?
2024-05-18T20:34:21.263-03:00  INFO 23748 --- [main] o.f.core.internal.command.DbMigrate      : Current version of schema "public": << Empty Schema >>
2024-05-18T20:34:21.267-03:00  INFO 23748 --- [main] o.f.core.internal.command.DbMigrate      : Schema "public" is up to date. No migration necessary.
2024-05-18T20:34:21.606-03:00  INFO 23748 --- [main] o.hibernate.jpa.internal.util.LogHelper  : HHH000204: Processing PersistenceUnitInfo [name: default]
2024-05-18T20:34:21.820-03:00  INFO 23748 --- [main] org.hibernate.Version                    : HHH000412: Hibernate ORM core version 6.2.13.Final
2024-05-18T20:34:21.832-03:00  INFO 23748 --- [main] org.hibernate.cfg.Environment            : HHH000406: Using bytecode reflection optimizer
2024-05-18T20:34:22.809-03:00  INFO 23748 --- [main] o.s.o.j.p.SpringPersistenceUnitInfo      : No LoadTimeWeaver setup: ignoring JPA class transformer
2024-05-18T20:34:22.978-03:00  WARN 23748 --- [main] org.hibernate.orm.deprecation            : HHH90000025: PostgreSQLDialect does not need to be specified explicitly using 'hibernate.dialect' (remove the property setting and it will be selected by default)
2024-05-18T20:34:25.489-03:00  INFO 23748 --- [main] o.h.e.t.j.p.i.JtaPlatformInitiator       : HHH000489: No JTA platform available (set 'hibernate.transaction.jta.platform' to enable JTA platform integration)
2024-05-18T20:34:25.572-03:00  WARN 23748 --- [main] o.h.engine.jdbc.spi.SqlExceptionHelper   : SQL Warning Code: 0, SQLState: 00000
2024-05-18T20:34:25.573-03:00  WARN 23748 --- [main] o.h.engine.jdbc.spi.SqlExceptionHelper   : drop cascades to constraint fkt5004cad7hfa6sq4gpndrxe5p on table atividade_pessoa
2024-05-18T20:34:25.589-03:00  WARN 23748 --- [main] o.h.engine.jdbc.spi.SqlExceptionHelper   : SQL Warning Code: 0, SQLState: 00000
2024-05-18T20:34:25.590-03:00  WARN 23748 --- [main] o.h.engine.jdbc.spi.SqlExceptionHelper   : drop cascades to constraint fk59d1sb8n5jdpcdpyomwqa7eje on table atividade_pessoa
2024-05-18T20:34:25.604-03:00  WARN 23748 --- [main] o.h.engine.jdbc.spi.SqlExceptionHelper   : SQL Warning Code: 0, SQLState: 00000
2024-05-18T20:34:25.605-03:00  WARN 23748 --- [main] o.h.engine.jdbc.spi.SqlExceptionHelper   : constraint "fk59d1sb8n5jdpcdpyomwqa7eje" of relation "atividade_pessoa" does not exist, skipping
2024-05-18T20:34:25.608-03:00  WARN 23748 --- [main] o.h.engine.jdbc.spi.SqlExceptionHelper   : SQL Warning Code: 0, SQLState: 00000
2024-05-18T20:34:25.608-03:00  WARN 23748 --- [main] o.h.engine.jdbc.spi.SqlExceptionHelper   : constraint "fkt5004cad7hfa6sq4gpndrxe5p" of relation "atividade_pessoa" does not exist, skipping
2024-05-18T20:34:25.793-03:00  INFO 23748 --- [main] j.LocalContainerEntityManagerFactoryBean : Initialized JPA EntityManagerFactory for persistence unit 'default'
2024-05-18T20:34:26.846-03:00  INFO 23748 --- [main] o.s.d.j.r.query.QueryEnhancerFactory     : Hibernate is in classpath; If applicable, HQL parser will be used.
2024-05-18T20:34:27.128-03:00  WARN 23748 --- [main] JpaBaseConfiguration$JpaWebConfiguration : spring.jpa.open-in-view is enabled by default. Therefore, database queries may be performed during view rendering. Explicitly configure spring.jpa.open-in-view to disable this warning
2024-05-18T20:34:27.895-03:00  WARN 23748 --- [main] ConfigServletWebServerApplicationContext : Exception encountered during context initialization - cancelling refresh attempt: org.springframework.beans.factory.UnsatisfiedDependencyException: Error creating bean with name 'org.springframework.security.config.annotation.web.configuration.WebSecurityConfiguration': Unsatisfied dependency expressed through method 'setFilterChains' parameter 0: Error creating bean with name 'securityFilterChain' defined in class path resource [projetointegradorcciar/config/SecurityConfig.class]: Failed to instantiate [org.springframework.security.web.SecurityFilterChain]: Factory method 'securityFilterChain' threw exception with message: Bean named 'corsFilter' is expected to be of type 'org.springframework.web.filter.CorsFilter' but was actually of type 'org.springframework.boot.web.servlet.FilterRegistrationBean'
2024-05-18T20:34:27.903-03:00  INFO 23748 --- [main] j.LocalContainerEntityManagerFactoryBean : Closing JPA EntityManagerFactory for persistence unit 'default'
2024-05-18T20:34:27.925-03:00  WARN 23748 --- [main] o.h.engine.jdbc.spi.SqlExceptionHelper   : SQL Warning Code: 0, SQLState: 00000
2024-05-18T20:34:27.927-03:00  WARN 23748 --- [main] o.h.engine.jdbc.spi.SqlExceptionHelper   : drop cascades to constraint fkt5004cad7hfa6sq4gpndrxe5p on table atividade_pessoa
2024-05-18T20:34:27.945-03:00  WARN 23748 --- [main] o.h.engine.jdbc.spi.SqlExceptionHelper   : SQL Warning Code: 0, SQLState: 00000
2024-05-18T20:34:27.947-03:00  WARN 23748 --- [main] o.h.engine.jdbc.spi.SqlExceptionHelper   : drop cascades to constraint fk59d1sb8n5jdpcdpyomwqa7eje on table atividade_pessoa
2024-05-18T20:34:27.957-03:00  WARN 23748 --- [main] o.h.engine.jdbc.spi.SqlExceptionHelper   : SQL Warning Code: 0, SQLState: 00000
2024-05-18T20:34:27.959-03:00  WARN 23748 --- [main] o.h.engine.jdbc.spi.SqlExceptionHelper   : constraint "fk59d1sb8n5jdpcdpyomwqa7eje" of relation "atividade_pessoa" does not exist, skipping
2024-05-18T20:34:27.978-03:00  WARN 23748 --- [main] o.h.engine.jdbc.spi.SqlExceptionHelper   : SQL Warning Code: 0, SQLState: 00000
2024-05-18T20:34:27.983-03:00  WARN 23748 --- [main] o.h.engine.jdbc.spi.SqlExceptionHelper   : constraint "fkt5004cad7hfa6sq4gpndrxe5p" of relation "atividade_pessoa" does not exist, skipping
2024-05-18T20:34:28.020-03:00  INFO 23748 --- [main] com.zaxxer.hikari.HikariDataSource       : HikariPool-1 - Shutdown initiated...
2024-05-18T20:34:28.044-03:00  INFO 23748 --- [main] com.zaxxer.hikari.HikariDataSource       : HikariPool-1 - Shutdown completed.
2024-05-18T20:34:28.050-03:00  INFO 23748 --- [main] o.apache.catalina.core.StandardService   : Stopping service [Tomcat]
2024-05-18T20:34:28.089-03:00  INFO 23748 --- [main] .s.b.a.l.ConditionEvaluationReportLogger : 

Error starting ApplicationContext. To display the condition evaluation report re-run your application with 'debug' enabled.
2024-05-18T20:34:28.168-03:00 ERROR 23748 --- [main] o.s.boot.SpringApplication               : Application run failed

org.springframework.beans.factory.UnsatisfiedDependencyException: Error creating bean with name 'org.springframework.security.config.annotation.web.configuration.WebSecurityConfiguration': Unsatisfied dependency expressed through method 'setFilterChains' parameter 0: Error creating bean with name 'securityFilterChain' defined in class path resource [projetointegradorcciar/config/SecurityConfig.class]: Failed to instantiate [org.springframework.security.web.SecurityFilterChain]: Factory method 'securityFilterChain' threw exception with message: Bean named 'corsFilter' is expected to be of type 'org.springframework.web.filter.CorsFilter' but was actually of type 'org.springframework.boot.web.servlet.FilterRegistrationBean'
	at org.springframework.beans.factory.annotation.AutowiredAnnotationBeanPostProcessor$AutowiredMethodElement.resolveMethodArguments(AutowiredAnnotationBeanPostProcessor.java:875) ~[spring-beans-6.0.13.jar:6.0.13]
	at org.springframework.beans.factory.annotation.AutowiredAnnotationBeanPostProcessor$AutowiredMethodElement.inject(AutowiredAnnotationBeanPostProcessor.java:828) ~[spring-beans-6.0.13.jar:6.0.13]
	at org.springframework.beans.factory.annotation.InjectionMetadata.inject(InjectionMetadata.java:145) ~[spring-beans-6.0.13.jar:6.0.13]
	at org.springframework.beans.factory.annotation.AutowiredAnnotationBeanPostProcessor.postProcessProperties(AutowiredAnnotationBeanPostProcessor.java:492) ~[spring-beans-6.0.13.jar:6.0.13]
	at org.springframework.beans.factory.support.AbstractAutowireCapableBeanFactory.populateBean(AbstractAutowireCapableBeanFactory.java:1416) ~[spring-beans-6.0.13.jar:6.0.13]
	at org.springframework.beans.factory.support.AbstractAutowireCapableBeanFactory.doCreateBean(AbstractAutowireCapableBeanFactory.java:597) ~[spring-beans-6.0.13.jar:6.0.13]
	at org.springframework.beans.factory.support.AbstractAutowireCapableBeanFactory.createBean(AbstractAutowireCapableBeanFactory.java:520) ~[spring-beans-6.0.13.jar:6.0.13]
	at org.springframework.beans.factory.support.AbstractBeanFactory.lambda$doGetBean$0(AbstractBeanFactory.java:325) ~[spring-beans-6.0.13.jar:6.0.13]
	at org.springframework.beans.factory.support.DefaultSingletonBeanRegistry.getSingleton(DefaultSingletonBeanRegistry.java:234) ~[spring-beans-6.0.13.jar:6.0.13]
	at org.springframework.beans.factory.support.AbstractBeanFactory.doGetBean(AbstractBeanFactory.java:323) ~[spring-beans-6.0.13.jar:6.0.13]
	at org.springframework.beans.factory.support.AbstractBeanFactory.getBean(AbstractBeanFactory.java:199) ~[spring-beans-6.0.13.jar:6.0.13]
	at org.springframework.beans.factory.support.DefaultListableBeanFactory.preInstantiateSingletons(DefaultListableBeanFactory.java:973) ~[spring-beans-6.0.13.jar:6.0.13]
	at org.springframework.context.support.AbstractApplicationContext.finishBeanFactoryInitialization(AbstractApplicationContext.java:950) ~[spring-context-6.0.13.jar:6.0.13]
	at org.springframework.context.support.AbstractApplicationContext.refresh(AbstractApplicationContext.java:616) ~[spring-context-6.0.13.jar:6.0.13]
	at org.springframework.boot.web.servlet.context.ServletWebServerApplicationContext.refresh(ServletWebServerApplicationContext.java:146) ~[spring-boot-3.1.5.jar:3.1.5]
	at org.springframework.boot.SpringApplication.refresh(SpringApplication.java:738) ~[spring-boot-3.1.5.jar:3.1.5]
	at org.springframework.boot.SpringApplication.refreshContext(SpringApplication.java:440) ~[spring-boot-3.1.5.jar:3.1.5]
	at org.springframework.boot.SpringApplication.run(SpringApplication.java:316) ~[spring-boot-3.1.5.jar:3.1.5]
	at org.springframework.boot.SpringApplication.run(SpringApplication.java:1306) ~[spring-boot-3.1.5.jar:3.1.5]
	at org.springframework.boot.SpringApplication.run(SpringApplication.java:1295) ~[spring-boot-3.1.5.jar:3.1.5]
	at projetointegradorcciar.ProjetointegradorcciarApplication.main(ProjetointegradorcciarApplication.java:11) ~[classes/:na]
Caused by: org.springframework.beans.factory.BeanCreationException: Error creating bean with name 'securityFilterChain' defined in class path resource [projetointegradorcciar/config/SecurityConfig.class]: Failed to instantiate [org.springframework.security.web.SecurityFilterChain]: Factory method 'securityFilterChain' threw exception with message: Bean named 'corsFilter' is expected to be of type 'org.springframework.web.filter.CorsFilter' but was actually of type 'org.springframework.boot.web.servlet.FilterRegistrationBean'
	at org.springframework.beans.factory.support.ConstructorResolver.instantiate(ConstructorResolver.java:654) ~[spring-beans-6.0.13.jar:6.0.13]
	at org.springframework.beans.factory.support.ConstructorResolver.instantiateUsingFactoryMethod(ConstructorResolver.java:642) ~[spring-beans-6.0.13.jar:6.0.13]
	at org.springframework.beans.factory.support.AbstractAutowireCapableBeanFactory.instantiateUsingFactoryMethod(AbstractAutowireCapableBeanFactory.java:1332) ~[spring-beans-6.0.13.jar:6.0.13]
	at org.springframework.beans.factory.support.AbstractAutowireCapableBeanFactory.createBeanInstance(AbstractAutowireCapableBeanFactory.java:1162) ~[spring-beans-6.0.13.jar:6.0.13]
	at org.springframework.beans.factory.support.AbstractAutowireCapableBeanFactory.doCreateBean(AbstractAutowireCapableBeanFactory.java:560) ~[spring-beans-6.0.13.jar:6.0.13]
	at org.springframework.beans.factory.support.AbstractAutowireCapableBeanFactory.createBean(AbstractAutowireCapableBeanFactory.java:520) ~[spring-beans-6.0.13.jar:6.0.13]
	at org.springframework.beans.factory.support.AbstractBeanFactory.lambda$doGetBean$0(AbstractBeanFactory.java:325) ~[spring-beans-6.0.13.jar:6.0.13]
	at org.springframework.beans.factory.support.DefaultSingletonBeanRegistry.getSingleton(DefaultSingletonBeanRegistry.java:234) ~[spring-beans-6.0.13.jar:6.0.13]
	at org.springframework.beans.factory.support.AbstractBeanFactory.doGetBean(AbstractBeanFactory.java:323) ~[spring-beans-6.0.13.jar:6.0.13]
	at org.springframework.beans.factory.support.AbstractBeanFactory.getBean(AbstractBeanFactory.java:199) ~[spring-beans-6.0.13.jar:6.0.13]
	at org.springframework.beans.factory.config.DependencyDescriptor.resolveCandidate(DependencyDescriptor.java:254) ~[spring-beans-6.0.13.jar:6.0.13]
	at org.springframework.beans.factory.support.DefaultListableBeanFactory.addCandidateEntry(DefaultListableBeanFactory.java:1633) ~[spring-beans-6.0.13.jar:6.0.13]
	at org.springframework.beans.factory.support.DefaultListableBeanFactory.findAutowireCandidates(DefaultListableBeanFactory.java:1597) ~[spring-beans-6.0.13.jar:6.0.13]
	at org.springframework.beans.factory.support.DefaultListableBeanFactory.resolveMultipleBeans(DefaultListableBeanFactory.java:1488) ~[spring-beans-6.0.13.jar:6.0.13]
	at org.springframework.beans.factory.support.DefaultListableBeanFactory.doResolveDependency(DefaultListableBeanFactory.java:1375) ~[spring-beans-6.0.13.jar:6.0.13]
	at org.springframework.beans.factory.support.DefaultListableBeanFactory.resolveDependency(DefaultListableBeanFactory.java:1337) ~[spring-beans-6.0.13.jar:6.0.13]
	at org.springframework.beans.factory.annotation.AutowiredAnnotationBeanPostProcessor$AutowiredMethodElement.resolveMethodArguments(AutowiredAnnotationBeanPostProcessor.java:867) ~[spring-beans-6.0.13.jar:6.0.13]
	... 20 common frames omitted
Caused by: org.springframework.beans.BeanInstantiationException: Failed to instantiate [org.springframework.security.web.SecurityFilterChain]: Factory method 'securityFilterChain' threw exception with message: Bean named 'corsFilter' is expected to be of type 'org.springframework.web.filter.CorsFilter' but was actually of type 'org.springframework.boot.web.servlet.FilterRegistrationBean'
	at org.springframework.beans.factory.support.SimpleInstantiationStrategy.instantiate(SimpleInstantiationStrategy.java:171) ~[spring-beans-6.0.13.jar:6.0.13]
	at org.springframework.beans.factory.support.ConstructorResolver.instantiate(ConstructorResolver.java:650) ~[spring-beans-6.0.13.jar:6.0.13]
	... 36 common frames omitted
Caused by: org.springframework.beans.factory.BeanNotOfRequiredTypeException: Bean named 'corsFilter' is expected to be of type 'org.springframework.web.filter.CorsFilter' but was actually of type 'org.springframework.boot.web.servlet.FilterRegistrationBean'
	at org.springframework.beans.factory.support.AbstractBeanFactory.adaptBeanInstance(AbstractBeanFactory.java:407) ~[spring-beans-6.0.13.jar:6.0.13]
	at org.springframework.beans.factory.support.AbstractBeanFactory.doGetBean(AbstractBeanFactory.java:388) ~[spring-beans-6.0.13.jar:6.0.13]
	at org.springframework.beans.factory.support.AbstractBeanFactory.getBean(AbstractBeanFactory.java:204) ~[spring-beans-6.0.13.jar:6.0.13]
	at org.springframework.context.support.AbstractApplicationContext.getBean(AbstractApplicationContext.java:1172) ~[spring-context-6.0.13.jar:6.0.13]
	at org.springframework.security.config.annotation.web.configurers.CorsConfigurer.getCorsFilter(CorsConfigurer.java:85) ~[spring-security-config-6.1.5.jar:6.1.5]
	at org.springframework.security.config.annotation.web.configurers.CorsConfigurer.configure(CorsConfigurer.java:73) ~[spring-security-config-6.1.5.jar:6.1.5]
	at org.springframework.security.config.annotation.web.configurers.CorsConfigurer.configure(CorsConfigurer.java:41) ~[spring-security-config-6.1.5.jar:6.1.5]
	at org.springframework.security.config.annotation.AbstractConfiguredSecurityBuilder.configure(AbstractConfiguredSecurityBuilder.java:355) ~[spring-security-config-6.1.5.jar:6.1.5]
	at org.springframework.security.config.annotation.AbstractConfiguredSecurityBuilder.doBuild(AbstractConfiguredSecurityBuilder.java:309) ~[spring-security-config-6.1.5.jar:6.1.5]
	at org.springframework.security.config.annotation.AbstractSecurityBuilder.build(AbstractSecurityBuilder.java:38) ~[spring-security-config-6.1.5.jar:6.1.5]
	at projetointegradorcciar.config.SecurityConfig.securityFilterChain(SecurityConfig.java:72) ~[classes/:na]
	at projetointegradorcciar.config.SecurityConfig$$SpringCGLIB$$0.CGLIB$securityFilterChain$1(<generated>) ~[classes/:na]
	at projetointegradorcciar.config.SecurityConfig$$SpringCGLIB$$FastClass$$1.invoke(<generated>) ~[classes/:na]
	at org.springframework.cglib.proxy.MethodProxy.invokeSuper(MethodProxy.java:258) ~[spring-core-6.0.13.jar:6.0.13]
	at org.springframework.context.annotation.ConfigurationClassEnhancer$BeanMethodInterceptor.intercept(ConfigurationClassEnhancer.java:331) ~[spring-context-6.0.13.jar:6.0.13]
	at projetointegradorcciar.config.SecurityConfig$$SpringCGLIB$$0.securityFilterChain(<generated>) ~[classes/:na]
	at java.base/jdk.internal.reflect.NativeMethodAccessorImpl.invoke0(Native Method) ~[na:na]
	at java.base/jdk.internal.reflect.NativeMethodAccessorImpl.invoke(NativeMethodAccessorImpl.java:77) ~[na:na]
	at java.base/jdk.internal.reflect.DelegatingMethodAccessorImpl.invoke(DelegatingMethodAccessorImpl.java:43) ~[na:na]
	at java.base/java.lang.reflect.Method.invoke(Method.java:568) ~[na:na]
	at org.springframework.beans.factory.support.SimpleInstantiationStrategy.instantiate(SimpleInstantiationStrategy.java:139) ~[spring-beans-6.0.13.jar:6.0.13]
	... 37 common frames omitted

2024-05-18T20:39:01.281-03:00  INFO 28476 --- [main] p.ProjetointegradorcciarApplication      : Starting ProjetointegradorcciarApplication using Java 17.0.8 with PID 28476 (C:\Users\55459\OneDrive\햞ea de Trabalho\Integrador-Front-UA-BACK-END (1)\Integrador-Front-UA-BACK-END\projetointegradorcciar\target\classes started by CHEROSO in C:\Users\55459\OneDrive\햞ea de Trabalho\Integrador-Front-UA-BACK-END (1)\Integrador-Front-UA-BACK-END)
2024-05-18T20:39:01.284-03:00  INFO 28476 --- [main] p.ProjetointegradorcciarApplication      : No active profile set, falling back to 1 default profile: "default"
2024-05-18T20:39:02.953-03:00  INFO 28476 --- [main] .s.d.r.c.RepositoryConfigurationDelegate : Bootstrapping Spring Data JPA repositories in DEFAULT mode.
2024-05-18T20:39:03.122-03:00  INFO 28476 --- [main] .s.d.r.c.RepositoryConfigurationDelegate : Finished Spring Data repository scanning in 142 ms. Found 4 JPA repository interfaces.
2024-05-18T20:39:04.515-03:00  INFO 28476 --- [main] o.s.b.w.embedded.tomcat.TomcatWebServer  : Tomcat initialized with port(s): 8080 (http)
2024-05-18T20:39:04.543-03:00  INFO 28476 --- [main] o.apache.catalina.core.StandardService   : Starting service [Tomcat]
2024-05-18T20:39:04.544-03:00  INFO 28476 --- [main] o.apache.catalina.core.StandardEngine    : Starting Servlet engine: [Apache Tomcat/10.1.15]
2024-05-18T20:39:04.812-03:00  INFO 28476 --- [main] o.a.c.c.C.[Tomcat].[localhost].[/]       : Initializing Spring embedded WebApplicationContext
2024-05-18T20:39:04.813-03:00  INFO 28476 --- [main] w.s.c.ServletWebServerApplicationContext : Root WebApplicationContext: initialization completed in 3426 ms
2024-05-18T20:39:05.235-03:00  INFO 28476 --- [main] o.f.c.internal.license.VersionPrinter    : Flyway Community Edition 9.16.3 by Redgate
2024-05-18T20:39:05.236-03:00  INFO 28476 --- [main] o.f.c.internal.license.VersionPrinter    : See release notes here: https://rd.gt/416ObMi
2024-05-18T20:39:05.237-03:00  INFO 28476 --- [main] o.f.c.internal.license.VersionPrinter    : 
2024-05-18T20:39:05.254-03:00  INFO 28476 --- [main] com.zaxxer.hikari.HikariDataSource       : HikariPool-1 - Starting...
2024-05-18T20:39:05.658-03:00  INFO 28476 --- [main] com.zaxxer.hikari.pool.HikariPool        : HikariPool-1 - Added connection org.postgresql.jdbc.PgConnection@65c5bf0e
2024-05-18T20:39:05.661-03:00  INFO 28476 --- [main] com.zaxxer.hikari.HikariDataSource       : HikariPool-1 - Start completed.
2024-05-18T20:39:05.703-03:00  INFO 28476 --- [main] o.f.c.i.database.base.BaseDatabaseType   : Database: jdbc:postgresql://localhost:5432/projetointegrador (PostgreSQL 15.2)
2024-05-18T20:39:05.770-03:00  INFO 28476 --- [main] o.f.core.internal.command.DbValidate     : Successfully validated 0 migrations (execution time 00:00.027s)
2024-05-18T20:39:05.771-03:00  WARN 28476 --- [main] o.f.core.internal.command.DbValidate     : No migrations found. Are your locations set up correctly?
2024-05-18T20:39:05.854-03:00  INFO 28476 --- [main] o.f.core.internal.command.DbMigrate      : Current version of schema "public": << Empty Schema >>
2024-05-18T20:39:05.858-03:00  INFO 28476 --- [main] o.f.core.internal.command.DbMigrate      : Schema "public" is up to date. No migration necessary.
2024-05-18T20:39:06.127-03:00  INFO 28476 --- [main] o.hibernate.jpa.internal.util.LogHelper  : HHH000204: Processing PersistenceUnitInfo [name: default]
2024-05-18T20:39:06.297-03:00  INFO 28476 --- [main] org.hibernate.Version                    : HHH000412: Hibernate ORM core version 6.2.13.Final
2024-05-18T20:39:06.306-03:00  INFO 28476 --- [main] org.hibernate.cfg.Environment            : HHH000406: Using bytecode reflection optimizer
2024-05-18T20:39:06.990-03:00  INFO 28476 --- [main] o.s.o.j.p.SpringPersistenceUnitInfo      : No LoadTimeWeaver setup: ignoring JPA class transformer
2024-05-18T20:39:07.120-03:00  WARN 28476 --- [main] org.hibernate.orm.deprecation            : HHH90000025: PostgreSQLDialect does not need to be specified explicitly using 'hibernate.dialect' (remove the property setting and it will be selected by default)
2024-05-18T20:39:08.781-03:00  INFO 28476 --- [main] o.h.e.t.j.p.i.JtaPlatformInitiator       : HHH000489: No JTA platform available (set 'hibernate.transaction.jta.platform' to enable JTA platform integration)
2024-05-18T20:39:08.826-03:00  WARN 28476 --- [main] o.h.engine.jdbc.spi.SqlExceptionHelper   : SQL Warning Code: 0, SQLState: 00000
2024-05-18T20:39:08.827-03:00  WARN 28476 --- [main] o.h.engine.jdbc.spi.SqlExceptionHelper   : relation "pessoas" does not exist, skipping
2024-05-18T20:39:08.831-03:00  WARN 28476 --- [main] o.h.engine.jdbc.spi.SqlExceptionHelper   : SQL Warning Code: 0, SQLState: 00000
2024-05-18T20:39:08.832-03:00  WARN 28476 --- [main] o.h.engine.jdbc.spi.SqlExceptionHelper   : table "administrador" does not exist, skipping
2024-05-18T20:39:08.834-03:00  WARN 28476 --- [main] o.h.engine.jdbc.spi.SqlExceptionHelper   : SQL Warning Code: 0, SQLState: 00000
2024-05-18T20:39:08.834-03:00  WARN 28476 --- [main] o.h.engine.jdbc.spi.SqlExceptionHelper   : table "atividades" does not exist, skipping
2024-05-18T20:39:08.837-03:00  WARN 28476 --- [main] o.h.engine.jdbc.spi.SqlExceptionHelper   : SQL Warning Code: 0, SQLState: 00000
2024-05-18T20:39:08.837-03:00  WARN 28476 --- [main] o.h.engine.jdbc.spi.SqlExceptionHelper   : table "pessoas" does not exist, skipping
2024-05-18T20:39:08.839-03:00  WARN 28476 --- [main] o.h.engine.jdbc.spi.SqlExceptionHelper   : SQL Warning Code: 0, SQLState: 00000
2024-05-18T20:39:08.839-03:00  WARN 28476 --- [main] o.h.engine.jdbc.spi.SqlExceptionHelper   : table "tb_endereco" does not exist, skipping
2024-05-18T20:39:08.841-03:00  WARN 28476 --- [main] o.h.engine.jdbc.spi.SqlExceptionHelper   : SQL Warning Code: 0, SQLState: 00000
2024-05-18T20:39:08.842-03:00  WARN 28476 --- [main] o.h.engine.jdbc.spi.SqlExceptionHelper   : relation "atividade_pessoa" does not exist, skipping
2024-05-18T20:39:08.844-03:00  WARN 28476 --- [main] o.h.engine.jdbc.spi.SqlExceptionHelper   : SQL Warning Code: 0, SQLState: 00000
2024-05-18T20:39:08.844-03:00  WARN 28476 --- [main] o.h.engine.jdbc.spi.SqlExceptionHelper   : relation "atividade_pessoa" does not exist, skipping
2024-05-18T20:39:08.847-03:00  WARN 28476 --- [main] o.h.engine.jdbc.spi.SqlExceptionHelper   : SQL Warning Code: 0, SQLState: 00000
2024-05-18T20:39:08.848-03:00  WARN 28476 --- [main] o.h.engine.jdbc.spi.SqlExceptionHelper   : table "atividade_pessoa" does not exist, skipping
2024-05-18T20:39:08.851-03:00  WARN 28476 --- [main] o.h.engine.jdbc.spi.SqlExceptionHelper   : SQL Warning Code: 0, SQLState: 00000
2024-05-18T20:39:08.851-03:00  WARN 28476 --- [main] o.h.engine.jdbc.spi.SqlExceptionHelper   : sequence "administrador_seq" does not exist, skipping
2024-05-18T20:39:08.853-03:00  WARN 28476 --- [main] o.h.engine.jdbc.spi.SqlExceptionHelper   : SQL Warning Code: 0, SQLState: 00000
2024-05-18T20:39:08.853-03:00  WARN 28476 --- [main] o.h.engine.jdbc.spi.SqlExceptionHelper   : sequence "atividades_seq" does not exist, skipping
2024-05-18T20:39:08.855-03:00  WARN 28476 --- [main] o.h.engine.jdbc.spi.SqlExceptionHelper   : SQL Warning Code: 0, SQLState: 00000
2024-05-18T20:39:08.855-03:00  WARN 28476 --- [main] o.h.engine.jdbc.spi.SqlExceptionHelper   : sequence "pessoas_seq" does not exist, skipping
2024-05-18T20:39:08.858-03:00  WARN 28476 --- [main] o.h.engine.jdbc.spi.SqlExceptionHelper   : SQL Warning Code: 0, SQLState: 00000
2024-05-18T20:39:08.858-03:00  WARN 28476 --- [main] o.h.engine.jdbc.spi.SqlExceptionHelper   : sequence "tb_endereco_seq" does not exist, skipping
2024-05-18T20:39:09.022-03:00  INFO 28476 --- [main] j.LocalContainerEntityManagerFactoryBean : Initialized JPA EntityManagerFactory for persistence unit 'default'
2024-05-18T20:39:09.800-03:00  INFO 28476 --- [main] o.s.d.j.r.query.QueryEnhancerFactory     : Hibernate is in classpath; If applicable, HQL parser will be used.
2024-05-18T20:39:10.014-03:00  WARN 28476 --- [main] JpaBaseConfiguration$JpaWebConfiguration : spring.jpa.open-in-view is enabled by default. Therefore, database queries may be performed during view rendering. Explicitly configure spring.jpa.open-in-view to disable this warning
2024-05-18T20:39:10.604-03:00  INFO 28476 --- [main] o.s.s.web.DefaultSecurityFilterChain     : Will secure any request with [org.springframework.security.web.session.DisableEncodeUrlFilter@3545c913, org.springframework.security.web.context.request.async.WebAsyncManagerIntegrationFilter@5d00e30e, org.springframework.security.web.context.SecurityContextHolderFilter@30f99ca1, org.springframework.security.web.header.HeaderWriterFilter@341141ab, org.springframework.web.filter.CorsFilter@695c938d, org.springframework.security.web.authentication.logout.LogoutFilter@818a514, org.springframework.security.oauth2.server.resource.web.authentication.BearerTokenAuthenticationFilter@32da6cef, org.springframework.security.web.savedrequest.RequestCacheAwareFilter@6f70015, org.springframework.security.web.servletapi.SecurityContextHolderAwareRequestFilter@d8751de, org.springframework.security.web.authentication.AnonymousAuthenticationFilter@3cdc5155, org.springframework.security.web.access.ExceptionTranslationFilter@7e1ae693, org.springframework.security.web.access.intercept.AuthorizationFilter@7a3f3bc4]
2024-05-18T20:39:10.986-03:00  INFO 28476 --- [main] o.s.b.w.embedded.tomcat.TomcatWebServer  : Tomcat started on port(s): 8080 (http) with context path ''
2024-05-18T20:39:11.006-03:00  INFO 28476 --- [main] p.ProjetointegradorcciarApplication      : Started ProjetointegradorcciarApplication in 10.599 seconds (process running for 11.31)
2024-05-18T21:10:06.883-03:00  INFO 30596 --- [main] p.ProjetointegradorcciarApplication      : Starting ProjetointegradorcciarApplication using Java 17.0.8 with PID 30596 (C:\Users\55459\OneDrive\햞ea de Trabalho\Integrador-Front-UA-BACK-END (1)\Integrador-Front-UA-BACK-END\projetointegradorcciar\target\classes started by CHEROSO in C:\Users\55459\OneDrive\햞ea de Trabalho\Integrador-Front-UA-BACK-END (1)\Integrador-Front-UA-BACK-END)
2024-05-18T21:10:06.887-03:00  INFO 30596 --- [main] p.ProjetointegradorcciarApplication      : No active profile set, falling back to 1 default profile: "default"
2024-05-18T21:10:08.009-03:00  INFO 30596 --- [main] .s.d.r.c.RepositoryConfigurationDelegate : Bootstrapping Spring Data JPA repositories in DEFAULT mode.
2024-05-18T21:10:08.126-03:00  INFO 30596 --- [main] .s.d.r.c.RepositoryConfigurationDelegate : Finished Spring Data repository scanning in 102 ms. Found 4 JPA repository interfaces.
2024-05-18T21:10:10.012-03:00  INFO 30596 --- [main] o.s.b.w.embedded.tomcat.TomcatWebServer  : Tomcat initialized with port(s): 8080 (http)
2024-05-18T21:10:10.027-03:00  INFO 30596 --- [main] o.apache.catalina.core.StandardService   : Starting service [Tomcat]
2024-05-18T21:10:10.028-03:00  INFO 30596 --- [main] o.apache.catalina.core.StandardEngine    : Starting Servlet engine: [Apache Tomcat/10.1.15]
2024-05-18T21:10:10.225-03:00  INFO 30596 --- [main] o.a.c.c.C.[Tomcat].[localhost].[/]       : Initializing Spring embedded WebApplicationContext
2024-05-18T21:10:10.226-03:00  INFO 30596 --- [main] w.s.c.ServletWebServerApplicationContext : Root WebApplicationContext: initialization completed in 3267 ms
2024-05-18T21:10:10.564-03:00  INFO 30596 --- [main] o.f.c.internal.license.VersionPrinter    : Flyway Community Edition 9.16.3 by Redgate
2024-05-18T21:10:10.565-03:00  INFO 30596 --- [main] o.f.c.internal.license.VersionPrinter    : See release notes here: https://rd.gt/416ObMi
2024-05-18T21:10:10.566-03:00  INFO 30596 --- [main] o.f.c.internal.license.VersionPrinter    : 
2024-05-18T21:10:10.579-03:00  INFO 30596 --- [main] com.zaxxer.hikari.HikariDataSource       : HikariPool-1 - Starting...
2024-05-18T21:10:11.045-03:00  INFO 30596 --- [main] com.zaxxer.hikari.pool.HikariPool        : HikariPool-1 - Added connection org.postgresql.jdbc.PgConnection@7f73ce28
2024-05-18T21:10:11.047-03:00  INFO 30596 --- [main] com.zaxxer.hikari.HikariDataSource       : HikariPool-1 - Start completed.
2024-05-18T21:10:11.088-03:00  INFO 30596 --- [main] o.f.c.i.database.base.BaseDatabaseType   : Database: jdbc:postgresql://localhost:5432/projetointegrador (PostgreSQL 15.2)
2024-05-18T21:10:11.183-03:00  INFO 30596 --- [main] o.f.core.internal.command.DbValidate     : Successfully validated 0 migrations (execution time 00:00.034s)
2024-05-18T21:10:11.185-03:00  WARN 30596 --- [main] o.f.core.internal.command.DbValidate     : No migrations found. Are your locations set up correctly?
2024-05-18T21:10:11.281-03:00  INFO 30596 --- [main] o.f.core.internal.command.DbMigrate      : Current version of schema "public": << Empty Schema >>
2024-05-18T21:10:11.285-03:00  INFO 30596 --- [main] o.f.core.internal.command.DbMigrate      : Schema "public" is up to date. No migration necessary.
2024-05-18T21:10:11.782-03:00  INFO 30596 --- [main] o.hibernate.jpa.internal.util.LogHelper  : HHH000204: Processing PersistenceUnitInfo [name: default]
2024-05-18T21:10:12.133-03:00  INFO 30596 --- [main] org.hibernate.Version                    : HHH000412: Hibernate ORM core version 6.2.13.Final
2024-05-18T21:10:12.140-03:00  INFO 30596 --- [main] org.hibernate.cfg.Environment            : HHH000406: Using bytecode reflection optimizer
2024-05-18T21:10:13.609-03:00  INFO 30596 --- [main] o.s.o.j.p.SpringPersistenceUnitInfo      : No LoadTimeWeaver setup: ignoring JPA class transformer
2024-05-18T21:10:13.838-03:00  WARN 30596 --- [main] org.hibernate.orm.deprecation            : HHH90000025: PostgreSQLDialect does not need to be specified explicitly using 'hibernate.dialect' (remove the property setting and it will be selected by default)
2024-05-18T21:10:18.707-03:00  INFO 30596 --- [main] o.h.e.t.j.p.i.JtaPlatformInitiator       : HHH000489: No JTA platform available (set 'hibernate.transaction.jta.platform' to enable JTA platform integration)
2024-05-18T21:10:18.834-03:00  WARN 30596 --- [main] o.h.engine.jdbc.spi.SqlExceptionHelper   : SQL Warning Code: 0, SQLState: 00000
2024-05-18T21:10:18.836-03:00  WARN 30596 --- [main] o.h.engine.jdbc.spi.SqlExceptionHelper   : drop cascades to constraint fkt5004cad7hfa6sq4gpndrxe5p on table atividade_pessoa
2024-05-18T21:10:18.851-03:00  WARN 30596 --- [main] o.h.engine.jdbc.spi.SqlExceptionHelper   : SQL Warning Code: 0, SQLState: 00000
2024-05-18T21:10:18.852-03:00  WARN 30596 --- [main] o.h.engine.jdbc.spi.SqlExceptionHelper   : drop cascades to constraint fk59d1sb8n5jdpcdpyomwqa7eje on table atividade_pessoa
2024-05-18T21:10:18.861-03:00  WARN 30596 --- [main] o.h.engine.jdbc.spi.SqlExceptionHelper   : SQL Warning Code: 0, SQLState: 00000
2024-05-18T21:10:18.862-03:00  WARN 30596 --- [main] o.h.engine.jdbc.spi.SqlExceptionHelper   : constraint "fk59d1sb8n5jdpcdpyomwqa7eje" of relation "atividade_pessoa" does not exist, skipping
2024-05-18T21:10:18.865-03:00  WARN 30596 --- [main] o.h.engine.jdbc.spi.SqlExceptionHelper   : SQL Warning Code: 0, SQLState: 00000
2024-05-18T21:10:18.866-03:00  WARN 30596 --- [main] o.h.engine.jdbc.spi.SqlExceptionHelper   : constraint "fkt5004cad7hfa6sq4gpndrxe5p" of relation "atividade_pessoa" does not exist, skipping
2024-05-18T21:10:19.082-03:00  INFO 30596 --- [main] j.LocalContainerEntityManagerFactoryBean : Initialized JPA EntityManagerFactory for persistence unit 'default'
2024-05-18T21:10:20.862-03:00  INFO 30596 --- [main] o.s.d.j.r.query.QueryEnhancerFactory     : Hibernate is in classpath; If applicable, HQL parser will be used.
2024-05-18T21:10:21.649-03:00  WARN 30596 --- [main] JpaBaseConfiguration$JpaWebConfiguration : spring.jpa.open-in-view is enabled by default. Therefore, database queries may be performed during view rendering. Explicitly configure spring.jpa.open-in-view to disable this warning
2024-05-18T21:10:22.627-03:00  INFO 30596 --- [main] o.s.s.web.DefaultSecurityFilterChain     : Will secure any request with [org.springframework.security.web.session.DisableEncodeUrlFilter@238d27ef, org.springframework.security.web.context.request.async.WebAsyncManagerIntegrationFilter@91c11b6, org.springframework.security.web.context.SecurityContextHolderFilter@36bd07ec, org.springframework.security.web.header.HeaderWriterFilter@402fdef1, org.springframework.web.filter.CorsFilter@56e9a474, org.springframework.security.web.authentication.logout.LogoutFilter@1df8e685, org.springframework.security.oauth2.server.resource.web.authentication.BearerTokenAuthenticationFilter@419ece7a, org.springframework.security.web.savedrequest.RequestCacheAwareFilter@26a004ed, org.springframework.security.web.servletapi.SecurityContextHolderAwareRequestFilter@7e484bd, org.springframework.security.web.authentication.AnonymousAuthenticationFilter@3ec6f3f1, org.springframework.security.web.access.ExceptionTranslationFilter@7890324e, org.springframework.security.web.access.intercept.AuthorizationFilter@2bf2523f]
2024-05-18T21:10:23.134-03:00  INFO 30596 --- [main] o.s.b.w.embedded.tomcat.TomcatWebServer  : Tomcat started on port(s): 8080 (http) with context path ''
2024-05-18T21:10:23.160-03:00  INFO 30596 --- [main] p.ProjetointegradorcciarApplication      : Started ProjetointegradorcciarApplication in 16.899 seconds (process running for 17.427)
2024-05-18T21:12:20.145-03:00  INFO 30596 --- [http-nio-8080-exec-2] o.a.c.c.C.[Tomcat].[localhost].[/]       : Initializing Spring DispatcherServlet 'dispatcherServlet'
2024-05-18T21:12:20.162-03:00  INFO 30596 --- [http-nio-8080-exec-2] o.s.web.servlet.DispatcherServlet        : Initializing Servlet 'dispatcherServlet'
2024-05-18T21:12:20.239-03:00  INFO 30596 --- [http-nio-8080-exec-2] o.s.web.servlet.DispatcherServlet        : Completed initialization in 75 ms
2024-05-18T21:27:16.851-03:00  INFO 26720 --- [main] p.ProjetointegradorcciarApplication      : Starting ProjetointegradorcciarApplication using Java 17.0.8 with PID 26720 (C:\Users\55459\OneDrive\햞ea de Trabalho\Integrador-Front-UA-BACK-END (1)\Integrador-Front-UA-BACK-END\projetointegradorcciar\target\classes started by CHEROSO in C:\Users\55459\OneDrive\햞ea de Trabalho\Integrador-Front-UA-BACK-END (1)\Integrador-Front-UA-BACK-END)
2024-05-18T21:27:16.854-03:00  INFO 26720 --- [main] p.ProjetointegradorcciarApplication      : No active profile set, falling back to 1 default profile: "default"
2024-05-18T21:27:18.857-03:00  WARN 26720 --- [main] ConfigServletWebServerApplicationContext : Exception encountered during context initialization - cancelling refresh attempt: org.springframework.context.ApplicationContextException: Unable to start web server
2024-05-18T21:27:19.156-03:00 ERROR 26720 --- [main] o.s.b.d.LoggingFailureAnalysisReporter   : 

***************************
APPLICATION FAILED TO START
***************************

Description:

Web application could not be started as there was no org.springframework.boot.web.servlet.server.ServletWebServerFactory bean defined in the context.

Action:

Check your application's dependencies for a supported servlet web server.
Check the configured web application type.

2024-05-18T21:28:06.955-03:00  INFO 25268 --- [main] p.ProjetointegradorcciarApplication      : Starting ProjetointegradorcciarApplication using Java 17.0.8 with PID 25268 (C:\Users\55459\OneDrive\햞ea de Trabalho\Integrador-Front-UA-BACK-END (1)\Integrador-Front-UA-BACK-END\projetointegradorcciar\target\classes started by CHEROSO in C:\Users\55459\OneDrive\햞ea de Trabalho\Integrador-Front-UA-BACK-END (1)\Integrador-Front-UA-BACK-END)
2024-05-18T21:28:06.959-03:00  INFO 25268 --- [main] p.ProjetointegradorcciarApplication      : No active profile set, falling back to 1 default profile: "default"
2024-05-18T21:28:08.153-03:00  INFO 25268 --- [main] .s.d.r.c.RepositoryConfigurationDelegate : Bootstrapping Spring Data JPA repositories in DEFAULT mode.
2024-05-18T21:28:08.275-03:00  INFO 25268 --- [main] .s.d.r.c.RepositoryConfigurationDelegate : Finished Spring Data repository scanning in 102 ms. Found 4 JPA repository interfaces.
2024-05-18T21:28:09.278-03:00  INFO 25268 --- [main] o.s.b.w.embedded.tomcat.TomcatWebServer  : Tomcat initialized with port(s): 8080 (http)
2024-05-18T21:28:09.294-03:00  INFO 25268 --- [main] o.apache.catalina.core.StandardService   : Starting service [Tomcat]
2024-05-18T21:28:09.295-03:00  INFO 25268 --- [main] o.apache.catalina.core.StandardEngine    : Starting Servlet engine: [Apache Tomcat/10.1.15]
2024-05-18T21:28:09.550-03:00  INFO 25268 --- [main] o.a.c.c.C.[Tomcat].[localhost].[/]       : Initializing Spring embedded WebApplicationContext
2024-05-18T21:28:09.551-03:00  INFO 25268 --- [main] w.s.c.ServletWebServerApplicationContext : Root WebApplicationContext: initialization completed in 2507 ms
2024-05-18T21:28:09.925-03:00  INFO 25268 --- [main] o.f.c.internal.license.VersionPrinter    : Flyway Community Edition 9.16.3 by Redgate
2024-05-18T21:28:09.925-03:00  INFO 25268 --- [main] o.f.c.internal.license.VersionPrinter    : See release notes here: https://rd.gt/416ObMi
2024-05-18T21:28:09.927-03:00  INFO 25268 --- [main] o.f.c.internal.license.VersionPrinter    : 
2024-05-18T21:28:09.944-03:00  INFO 25268 --- [main] com.zaxxer.hikari.HikariDataSource       : HikariPool-1 - Starting...
2024-05-18T21:28:10.379-03:00  INFO 25268 --- [main] com.zaxxer.hikari.pool.HikariPool        : HikariPool-1 - Added connection org.postgresql.jdbc.PgConnection@4f93bf0a
2024-05-18T21:28:10.382-03:00  INFO 25268 --- [main] com.zaxxer.hikari.HikariDataSource       : HikariPool-1 - Start completed.
2024-05-18T21:28:10.409-03:00  INFO 25268 --- [main] o.f.c.i.database.base.BaseDatabaseType   : Database: jdbc:postgresql://localhost:5432/projetointegrador (PostgreSQL 15.2)
2024-05-18T21:28:10.471-03:00  INFO 25268 --- [main] o.f.core.internal.command.DbValidate     : Successfully validated 0 migrations (execution time 00:00.025s)
2024-05-18T21:28:10.472-03:00  WARN 25268 --- [main] o.f.core.internal.command.DbValidate     : No migrations found. Are your locations set up correctly?
2024-05-18T21:28:10.652-03:00  INFO 25268 --- [main] o.f.core.internal.command.DbMigrate      : Current version of schema "public": << Empty Schema >>
2024-05-18T21:28:10.654-03:00  INFO 25268 --- [main] o.f.core.internal.command.DbMigrate      : Schema "public" is up to date. No migration necessary.
2024-05-18T21:28:10.831-03:00  INFO 25268 --- [main] o.hibernate.jpa.internal.util.LogHelper  : HHH000204: Processing PersistenceUnitInfo [name: default]
2024-05-18T21:28:10.964-03:00  INFO 25268 --- [main] org.hibernate.Version                    : HHH000412: Hibernate ORM core version 6.2.13.Final
2024-05-18T21:28:10.969-03:00  INFO 25268 --- [main] org.hibernate.cfg.Environment            : HHH000406: Using bytecode reflection optimizer
2024-05-18T21:28:11.479-03:00  INFO 25268 --- [main] o.s.o.j.p.SpringPersistenceUnitInfo      : No LoadTimeWeaver setup: ignoring JPA class transformer
2024-05-18T21:28:11.591-03:00  WARN 25268 --- [main] org.hibernate.orm.deprecation            : HHH90000025: PostgreSQLDialect does not need to be specified explicitly using 'hibernate.dialect' (remove the property setting and it will be selected by default)
2024-05-18T21:28:13.509-03:00  INFO 25268 --- [main] o.h.e.t.j.p.i.JtaPlatformInitiator       : HHH000489: No JTA platform available (set 'hibernate.transaction.jta.platform' to enable JTA platform integration)
2024-05-18T21:28:13.574-03:00  WARN 25268 --- [main] o.h.engine.jdbc.spi.SqlExceptionHelper   : SQL Warning Code: 0, SQLState: 00000
2024-05-18T21:28:13.575-03:00  WARN 25268 --- [main] o.h.engine.jdbc.spi.SqlExceptionHelper   : drop cascades to constraint fkt5004cad7hfa6sq4gpndrxe5p on table atividade_pessoa
2024-05-18T21:28:13.588-03:00  WARN 25268 --- [main] o.h.engine.jdbc.spi.SqlExceptionHelper   : SQL Warning Code: 0, SQLState: 00000
2024-05-18T21:28:13.588-03:00  WARN 25268 --- [main] o.h.engine.jdbc.spi.SqlExceptionHelper   : drop cascades to constraint fk59d1sb8n5jdpcdpyomwqa7eje on table atividade_pessoa
2024-05-18T21:28:13.597-03:00  WARN 25268 --- [main] o.h.engine.jdbc.spi.SqlExceptionHelper   : SQL Warning Code: 0, SQLState: 00000
2024-05-18T21:28:13.598-03:00  WARN 25268 --- [main] o.h.engine.jdbc.spi.SqlExceptionHelper   : constraint "fk59d1sb8n5jdpcdpyomwqa7eje" of relation "atividade_pessoa" does not exist, skipping
2024-05-18T21:28:13.599-03:00  WARN 25268 --- [main] o.h.engine.jdbc.spi.SqlExceptionHelper   : SQL Warning Code: 0, SQLState: 00000
2024-05-18T21:28:13.601-03:00  WARN 25268 --- [main] o.h.engine.jdbc.spi.SqlExceptionHelper   : constraint "fkt5004cad7hfa6sq4gpndrxe5p" of relation "atividade_pessoa" does not exist, skipping
2024-05-18T21:28:13.787-03:00  INFO 25268 --- [main] j.LocalContainerEntityManagerFactoryBean : Initialized JPA EntityManagerFactory for persistence unit 'default'
2024-05-18T21:28:14.689-03:00  INFO 25268 --- [main] o.s.d.j.r.query.QueryEnhancerFactory     : Hibernate is in classpath; If applicable, HQL parser will be used.
2024-05-18T21:28:14.936-03:00  WARN 25268 --- [main] JpaBaseConfiguration$JpaWebConfiguration : spring.jpa.open-in-view is enabled by default. Therefore, database queries may be performed during view rendering. Explicitly configure spring.jpa.open-in-view to disable this warning
2024-05-18T21:28:15.531-03:00  INFO 25268 --- [main] o.s.s.web.DefaultSecurityFilterChain     : Will secure any request with [org.springframework.security.web.session.DisableEncodeUrlFilter@220d7eb7, org.springframework.security.web.context.request.async.WebAsyncManagerIntegrationFilter@a165c11, org.springframework.security.web.context.SecurityContextHolderFilter@35d62807, org.springframework.security.web.header.HeaderWriterFilter@1df8e685, org.springframework.web.filter.CorsFilter@267cde2e, org.springframework.security.web.authentication.logout.LogoutFilter@3cdc5155, org.springframework.security.oauth2.server.resource.web.authentication.BearerTokenAuthenticationFilter@923bf67, org.springframework.security.web.savedrequest.RequestCacheAwareFilter@6e70861, org.springframework.security.web.servletapi.SecurityContextHolderAwareRequestFilter@b0e6d4e, org.springframework.security.web.authentication.AnonymousAuthenticationFilter@1eda12b3, org.springframework.security.web.access.ExceptionTranslationFilter@6db2a260, org.springframework.security.web.access.intercept.AuthorizationFilter@6600d07d]
2024-05-18T21:28:15.929-03:00  INFO 25268 --- [main] o.s.b.w.embedded.tomcat.TomcatWebServer  : Tomcat started on port(s): 8080 (http) with context path ''
2024-05-18T21:28:15.951-03:00  INFO 25268 --- [main] p.ProjetointegradorcciarApplication      : Started ProjetointegradorcciarApplication in 9.616 seconds (process running for 10.2)
2024-05-18T21:28:43.414-03:00  INFO 25268 --- [http-nio-8080-exec-2] o.a.c.c.C.[Tomcat].[localhost].[/]       : Initializing Spring DispatcherServlet 'dispatcherServlet'
2024-05-18T21:28:43.416-03:00  INFO 25268 --- [http-nio-8080-exec-2] o.s.web.servlet.DispatcherServlet        : Initializing Servlet 'dispatcherServlet'
2024-05-18T21:28:43.419-03:00  INFO 25268 --- [http-nio-8080-exec-2] o.s.web.servlet.DispatcherServlet        : Completed initialization in 2 ms
2024-05-18T21:35:40.981-03:00  INFO 23176 --- [main] p.ProjetointegradorcciarApplication      : Starting ProjetointegradorcciarApplication using Java 17.0.8 with PID 23176 (C:\Users\55459\OneDrive\햞ea de Trabalho\Integrador-Front-UA-BACK-END (1)\Integrador-Front-UA-BACK-END\projetointegradorcciar\target\classes started by CHEROSO in C:\Users\55459\OneDrive\햞ea de Trabalho\Integrador-Front-UA-BACK-END (1)\Integrador-Front-UA-BACK-END)
2024-05-18T21:35:40.984-03:00  INFO 23176 --- [main] p.ProjetointegradorcciarApplication      : No active profile set, falling back to 1 default profile: "default"
2024-05-18T21:35:42.127-03:00  INFO 23176 --- [main] .s.d.r.c.RepositoryConfigurationDelegate : Bootstrapping Spring Data JPA repositories in DEFAULT mode.
2024-05-18T21:35:42.236-03:00  INFO 23176 --- [main] .s.d.r.c.RepositoryConfigurationDelegate : Finished Spring Data repository scanning in 94 ms. Found 4 JPA repository interfaces.
2024-05-18T21:35:43.215-03:00  INFO 23176 --- [main] o.s.b.w.embedded.tomcat.TomcatWebServer  : Tomcat initialized with port(s): 8080 (http)
2024-05-18T21:35:43.233-03:00  INFO 23176 --- [main] o.apache.catalina.core.StandardService   : Starting service [Tomcat]
2024-05-18T21:35:43.234-03:00  INFO 23176 --- [main] o.apache.catalina.core.StandardEngine    : Starting Servlet engine: [Apache Tomcat/10.1.15]
2024-05-18T21:35:43.409-03:00  INFO 23176 --- [main] o.a.c.c.C.[Tomcat].[localhost].[/]       : Initializing Spring embedded WebApplicationContext
2024-05-18T21:35:43.410-03:00  INFO 23176 --- [main] w.s.c.ServletWebServerApplicationContext : Root WebApplicationContext: initialization completed in 2352 ms
2024-05-18T21:35:43.664-03:00  INFO 23176 --- [main] o.f.c.internal.license.VersionPrinter    : Flyway Community Edition 9.16.3 by Redgate
2024-05-18T21:35:43.664-03:00  INFO 23176 --- [main] o.f.c.internal.license.VersionPrinter    : See release notes here: https://rd.gt/416ObMi
2024-05-18T21:35:43.664-03:00  INFO 23176 --- [main] o.f.c.internal.license.VersionPrinter    : 
2024-05-18T21:35:43.676-03:00  INFO 23176 --- [main] com.zaxxer.hikari.HikariDataSource       : HikariPool-1 - Starting...
2024-05-18T21:35:44.008-03:00  INFO 23176 --- [main] com.zaxxer.hikari.pool.HikariPool        : HikariPool-1 - Added connection org.postgresql.jdbc.PgConnection@3dce6dd8
2024-05-18T21:35:44.011-03:00  INFO 23176 --- [main] com.zaxxer.hikari.HikariDataSource       : HikariPool-1 - Start completed.
2024-05-18T21:35:44.041-03:00  INFO 23176 --- [main] o.f.c.i.database.base.BaseDatabaseType   : Database: jdbc:postgresql://localhost:5432/projetointegrador (PostgreSQL 15.2)
2024-05-18T21:35:44.085-03:00  INFO 23176 --- [main] o.f.core.internal.command.DbValidate     : Successfully validated 0 migrations (execution time 00:00.017s)
2024-05-18T21:35:44.086-03:00  WARN 23176 --- [main] o.f.core.internal.command.DbValidate     : No migrations found. Are your locations set up correctly?
2024-05-18T21:35:44.161-03:00  INFO 23176 --- [main] o.f.core.internal.command.DbMigrate      : Current version of schema "public": << Empty Schema >>
2024-05-18T21:35:44.162-03:00  INFO 23176 --- [main] o.f.core.internal.command.DbMigrate      : Schema "public" is up to date. No migration necessary.
2024-05-18T21:35:44.326-03:00  INFO 23176 --- [main] o.hibernate.jpa.internal.util.LogHelper  : HHH000204: Processing PersistenceUnitInfo [name: default]
2024-05-18T21:35:44.469-03:00  INFO 23176 --- [main] org.hibernate.Version                    : HHH000412: Hibernate ORM core version 6.2.13.Final
2024-05-18T21:35:44.476-03:00  INFO 23176 --- [main] org.hibernate.cfg.Environment            : HHH000406: Using bytecode reflection optimizer
2024-05-18T21:35:45.279-03:00  INFO 23176 --- [main] o.s.o.j.p.SpringPersistenceUnitInfo      : No LoadTimeWeaver setup: ignoring JPA class transformer
2024-05-18T21:35:45.413-03:00  WARN 23176 --- [main] org.hibernate.orm.deprecation            : HHH90000025: PostgreSQLDialect does not need to be specified explicitly using 'hibernate.dialect' (remove the property setting and it will be selected by default)
2024-05-18T21:35:47.470-03:00  INFO 23176 --- [main] o.h.e.t.j.p.i.JtaPlatformInitiator       : HHH000489: No JTA platform available (set 'hibernate.transaction.jta.platform' to enable JTA platform integration)
2024-05-18T21:35:47.525-03:00  WARN 23176 --- [main] o.h.engine.jdbc.spi.SqlExceptionHelper   : SQL Warning Code: 0, SQLState: 00000
2024-05-18T21:35:47.526-03:00  WARN 23176 --- [main] o.h.engine.jdbc.spi.SqlExceptionHelper   : drop cascades to constraint fkt5004cad7hfa6sq4gpndrxe5p on table atividade_pessoa
2024-05-18T21:35:47.539-03:00  WARN 23176 --- [main] o.h.engine.jdbc.spi.SqlExceptionHelper   : SQL Warning Code: 0, SQLState: 00000
2024-05-18T21:35:47.539-03:00  WARN 23176 --- [main] o.h.engine.jdbc.spi.SqlExceptionHelper   : drop cascades to constraint fk59d1sb8n5jdpcdpyomwqa7eje on table atividade_pessoa
2024-05-18T21:35:47.550-03:00  WARN 23176 --- [main] o.h.engine.jdbc.spi.SqlExceptionHelper   : SQL Warning Code: 0, SQLState: 00000
2024-05-18T21:35:47.551-03:00  WARN 23176 --- [main] o.h.engine.jdbc.spi.SqlExceptionHelper   : constraint "fk59d1sb8n5jdpcdpyomwqa7eje" of relation "atividade_pessoa" does not exist, skipping
2024-05-18T21:35:47.553-03:00  WARN 23176 --- [main] o.h.engine.jdbc.spi.SqlExceptionHelper   : SQL Warning Code: 0, SQLState: 00000
2024-05-18T21:35:47.554-03:00  WARN 23176 --- [main] o.h.engine.jdbc.spi.SqlExceptionHelper   : constraint "fkt5004cad7hfa6sq4gpndrxe5p" of relation "atividade_pessoa" does not exist, skipping
2024-05-18T21:35:47.718-03:00  INFO 23176 --- [main] j.LocalContainerEntityManagerFactoryBean : Initialized JPA EntityManagerFactory for persistence unit 'default'
2024-05-18T21:35:48.436-03:00  INFO 23176 --- [main] o.s.d.j.r.query.QueryEnhancerFactory     : Hibernate is in classpath; If applicable, HQL parser will be used.
2024-05-18T21:35:48.686-03:00  WARN 23176 --- [main] JpaBaseConfiguration$JpaWebConfiguration : spring.jpa.open-in-view is enabled by default. Therefore, database queries may be performed during view rendering. Explicitly configure spring.jpa.open-in-view to disable this warning
2024-05-18T21:35:49.272-03:00  INFO 23176 --- [main] o.s.s.web.DefaultSecurityFilterChain     : Will secure any request with [org.springframework.security.web.session.DisableEncodeUrlFilter@64710a6, org.springframework.security.web.context.request.async.WebAsyncManagerIntegrationFilter@949165f, org.springframework.security.web.context.SecurityContextHolderFilter@49b6373f, org.springframework.security.web.header.HeaderWriterFilter@67b1c3af, org.springframework.security.web.csrf.CsrfFilter@788fa91f, org.springframework.security.web.authentication.logout.LogoutFilter@4accc3de, org.springframework.security.oauth2.server.resource.web.authentication.BearerTokenAuthenticationFilter@12bb8943, org.springframework.security.web.savedrequest.RequestCacheAwareFilter@2f51b100, org.springframework.security.web.servletapi.SecurityContextHolderAwareRequestFilter@6c3627c, org.springframework.security.web.authentication.AnonymousAuthenticationFilter@47f677a4, org.springframework.security.web.access.ExceptionTranslationFilter@1fb379e4, org.springframework.security.web.access.intercept.AuthorizationFilter@773cc551]
2024-05-18T21:35:49.377-03:00  INFO 23176 --- [main] o.s.b.w.embedded.tomcat.TomcatWebServer  : Tomcat started on port(s): 8080 (http) with context path ''
2024-05-18T21:35:49.397-03:00  INFO 23176 --- [main] p.ProjetointegradorcciarApplication      : Started ProjetointegradorcciarApplication in 8.967 seconds (process running for 9.411)
2024-05-18T21:35:58.416-03:00  INFO 23176 --- [http-nio-8080-exec-1] o.a.c.c.C.[Tomcat].[localhost].[/]       : Initializing Spring DispatcherServlet 'dispatcherServlet'
2024-05-18T21:35:58.418-03:00  INFO 23176 --- [http-nio-8080-exec-1] o.s.web.servlet.DispatcherServlet        : Initializing Servlet 'dispatcherServlet'
2024-05-18T21:35:58.421-03:00  INFO 23176 --- [http-nio-8080-exec-1] o.s.web.servlet.DispatcherServlet        : Completed initialization in 3 ms
2024-05-18T21:36:49.802-03:00  INFO 6836 --- [main] p.ProjetointegradorcciarApplication      : Starting ProjetointegradorcciarApplication using Java 17.0.8 with PID 6836 (C:\Users\55459\OneDrive\햞ea de Trabalho\Integrador-Front-UA-BACK-END (1)\Integrador-Front-UA-BACK-END\projetointegradorcciar\target\classes started by CHEROSO in C:\Users\55459\OneDrive\햞ea de Trabalho\Integrador-Front-UA-BACK-END (1)\Integrador-Front-UA-BACK-END)
2024-05-18T21:36:49.805-03:00  INFO 6836 --- [main] p.ProjetointegradorcciarApplication      : No active profile set, falling back to 1 default profile: "default"
2024-05-18T21:36:50.938-03:00  INFO 6836 --- [main] .s.d.r.c.RepositoryConfigurationDelegate : Bootstrapping Spring Data JPA repositories in DEFAULT mode.
2024-05-18T21:36:51.035-03:00  INFO 6836 --- [main] .s.d.r.c.RepositoryConfigurationDelegate : Finished Spring Data repository scanning in 80 ms. Found 4 JPA repository interfaces.
2024-05-18T21:36:51.978-03:00  INFO 6836 --- [main] o.s.b.w.embedded.tomcat.TomcatWebServer  : Tomcat initialized with port(s): 8080 (http)
2024-05-18T21:36:51.997-03:00  INFO 6836 --- [main] o.apache.catalina.core.StandardService   : Starting service [Tomcat]
2024-05-18T21:36:51.998-03:00  INFO 6836 --- [main] o.apache.catalina.core.StandardEngine    : Starting Servlet engine: [Apache Tomcat/10.1.15]
2024-05-18T21:36:52.183-03:00  INFO 6836 --- [main] o.a.c.c.C.[Tomcat].[localhost].[/]       : Initializing Spring embedded WebApplicationContext
2024-05-18T21:36:52.187-03:00  INFO 6836 --- [main] w.s.c.ServletWebServerApplicationContext : Root WebApplicationContext: initialization completed in 2275 ms
2024-05-18T21:36:52.440-03:00  INFO 6836 --- [main] o.f.c.internal.license.VersionPrinter    : Flyway Community Edition 9.16.3 by Redgate
2024-05-18T21:36:52.441-03:00  INFO 6836 --- [main] o.f.c.internal.license.VersionPrinter    : See release notes here: https://rd.gt/416ObMi
2024-05-18T21:36:52.442-03:00  INFO 6836 --- [main] o.f.c.internal.license.VersionPrinter    : 
2024-05-18T21:36:52.454-03:00  INFO 6836 --- [main] com.zaxxer.hikari.HikariDataSource       : HikariPool-1 - Starting...
2024-05-18T21:36:52.777-03:00  INFO 6836 --- [main] com.zaxxer.hikari.pool.HikariPool        : HikariPool-1 - Added connection org.postgresql.jdbc.PgConnection@69f2cb04
2024-05-18T21:36:52.779-03:00  INFO 6836 --- [main] com.zaxxer.hikari.HikariDataSource       : HikariPool-1 - Start completed.
2024-05-18T21:36:52.804-03:00  INFO 6836 --- [main] o.f.c.i.database.base.BaseDatabaseType   : Database: jdbc:postgresql://localhost:5432/projetointegrador (PostgreSQL 15.2)
2024-05-18T21:36:52.854-03:00  INFO 6836 --- [main] o.f.core.internal.command.DbValidate     : Successfully validated 0 migrations (execution time 00:00.019s)
2024-05-18T21:36:52.854-03:00  WARN 6836 --- [main] o.f.core.internal.command.DbValidate     : No migrations found. Are your locations set up correctly?
2024-05-18T21:36:52.934-03:00  INFO 6836 --- [main] o.f.core.internal.command.DbMigrate      : Current version of schema "public": << Empty Schema >>
2024-05-18T21:36:52.936-03:00  INFO 6836 --- [main] o.f.core.internal.command.DbMigrate      : Schema "public" is up to date. No migration necessary.
2024-05-18T21:36:53.111-03:00  INFO 6836 --- [main] o.hibernate.jpa.internal.util.LogHelper  : HHH000204: Processing PersistenceUnitInfo [name: default]
2024-05-18T21:36:53.238-03:00  INFO 6836 --- [main] org.hibernate.Version                    : HHH000412: Hibernate ORM core version 6.2.13.Final
2024-05-18T21:36:53.244-03:00  INFO 6836 --- [main] org.hibernate.cfg.Environment            : HHH000406: Using bytecode reflection optimizer
2024-05-18T21:36:53.956-03:00  INFO 6836 --- [main] o.s.o.j.p.SpringPersistenceUnitInfo      : No LoadTimeWeaver setup: ignoring JPA class transformer
2024-05-18T21:36:54.043-03:00  WARN 6836 --- [main] org.hibernate.orm.deprecation            : HHH90000025: PostgreSQLDialect does not need to be specified explicitly using 'hibernate.dialect' (remove the property setting and it will be selected by default)
2024-05-18T21:36:55.582-03:00  INFO 6836 --- [main] o.h.e.t.j.p.i.JtaPlatformInitiator       : HHH000489: No JTA platform available (set 'hibernate.transaction.jta.platform' to enable JTA platform integration)
2024-05-18T21:36:55.632-03:00  WARN 6836 --- [main] o.h.engine.jdbc.spi.SqlExceptionHelper   : SQL Warning Code: 0, SQLState: 00000
2024-05-18T21:36:55.633-03:00  WARN 6836 --- [main] o.h.engine.jdbc.spi.SqlExceptionHelper   : drop cascades to constraint fkt5004cad7hfa6sq4gpndrxe5p on table atividade_pessoa
2024-05-18T21:36:55.642-03:00  WARN 6836 --- [main] o.h.engine.jdbc.spi.SqlExceptionHelper   : SQL Warning Code: 0, SQLState: 00000
2024-05-18T21:36:55.642-03:00  WARN 6836 --- [main] o.h.engine.jdbc.spi.SqlExceptionHelper   : drop cascades to constraint fk59d1sb8n5jdpcdpyomwqa7eje on table atividade_pessoa
2024-05-18T21:36:55.649-03:00  WARN 6836 --- [main] o.h.engine.jdbc.spi.SqlExceptionHelper   : SQL Warning Code: 0, SQLState: 00000
2024-05-18T21:36:55.649-03:00  WARN 6836 --- [main] o.h.engine.jdbc.spi.SqlExceptionHelper   : constraint "fk59d1sb8n5jdpcdpyomwqa7eje" of relation "atividade_pessoa" does not exist, skipping
2024-05-18T21:36:55.652-03:00  WARN 6836 --- [main] o.h.engine.jdbc.spi.SqlExceptionHelper   : SQL Warning Code: 0, SQLState: 00000
2024-05-18T21:36:55.652-03:00  WARN 6836 --- [main] o.h.engine.jdbc.spi.SqlExceptionHelper   : constraint "fkt5004cad7hfa6sq4gpndrxe5p" of relation "atividade_pessoa" does not exist, skipping
2024-05-18T21:36:55.803-03:00  INFO 6836 --- [main] j.LocalContainerEntityManagerFactoryBean : Initialized JPA EntityManagerFactory for persistence unit 'default'
2024-05-18T21:36:56.945-03:00  INFO 6836 --- [main] o.s.d.j.r.query.QueryEnhancerFactory     : Hibernate is in classpath; If applicable, HQL parser will be used.
2024-05-18T21:36:57.213-03:00  WARN 6836 --- [main] JpaBaseConfiguration$JpaWebConfiguration : spring.jpa.open-in-view is enabled by default. Therefore, database queries may be performed during view rendering. Explicitly configure spring.jpa.open-in-view to disable this warning
2024-05-18T21:36:57.970-03:00  INFO 6836 --- [main] o.s.s.web.DefaultSecurityFilterChain     : Will secure any request with [org.springframework.security.web.session.DisableEncodeUrlFilter@48590849, org.springframework.security.web.context.request.async.WebAsyncManagerIntegrationFilter@6c38f4de, org.springframework.security.web.context.SecurityContextHolderFilter@6db2a260, org.springframework.security.web.header.HeaderWriterFilter@738153d8, org.springframework.web.filter.CorsFilter@1a1cc163, org.springframework.security.web.authentication.logout.LogoutFilter@69a031a4, org.springframework.security.oauth2.server.resource.web.authentication.BearerTokenAuthenticationFilter@36a25457, org.springframework.security.web.savedrequest.RequestCacheAwareFilter@1df8e685, org.springframework.security.web.servletapi.SecurityContextHolderAwareRequestFilter@6fc03cf6, org.springframework.security.web.authentication.AnonymousAuthenticationFilter@489c15e2, org.springframework.security.web.access.ExceptionTranslationFilter@47f4dc8d, org.springframework.security.web.access.intercept.AuthorizationFilter@5bc44d78]
2024-05-18T21:36:58.512-03:00  INFO 6836 --- [main] o.s.b.w.embedded.tomcat.TomcatWebServer  : Tomcat started on port(s): 8080 (http) with context path ''
2024-05-18T21:36:58.546-03:00  INFO 6836 --- [main] p.ProjetointegradorcciarApplication      : Started ProjetointegradorcciarApplication in 9.353 seconds (process running for 9.81)
2024-05-18T21:37:09.759-03:00  INFO 6836 --- [http-nio-8080-exec-2] o.a.c.c.C.[Tomcat].[localhost].[/]       : Initializing Spring DispatcherServlet 'dispatcherServlet'
2024-05-18T21:37:09.762-03:00  INFO 6836 --- [http-nio-8080-exec-2] o.s.web.servlet.DispatcherServlet        : Initializing Servlet 'dispatcherServlet'
2024-05-18T21:37:09.768-03:00  INFO 6836 --- [http-nio-8080-exec-2] o.s.web.servlet.DispatcherServlet        : Completed initialization in 3 ms
